<?xml version="1.0" encoding="UTF-8"?>
<testsuite name="PersonalAssistantTest" tests="1" skipped="0" failures="0" errors="0" timestamp="2020-02-18T10:36:00" hostname="yermekkadyrbayev.local" time="0.05">
  <properties/>
  <testcase name="start" classname="PersonalAssistantTest" time="0.05"/>
  <system-out><![CDATA[?[1;31m
Start test 1?[0m
Hello! My name is Yermek.
I was created in 2020.
]]></system-out>
  <system-err><![CDATA[]]></system-err>
</testsuite>
